<?xml version="1.0" encoding="UTF-8"?>
<robot generator="Robot 7.4.1 (Python 3.12.3 on win32)" generated="2026-02-20T10:35:42.629132" rpa="false" schemaversion="5">
<suite id="s1" name="DragDrop" source="C:\Users\vinod kumar\PycharmProjects\Feb2026WiproRoboFramework\LabSessions\Feb_20\DragDrop.robot">
<test id="s1-t1" name="Verify Drag And Drop In TutorialsPoint" line="8">
<kw name="Open Browser" owner="SeleniumLibrary">
<msg time="2026-02-20T10:35:42.928132" level="INFO">Opening browser 'chrome' to base url 'https://www.tutorialspoint.com/selenium/practice/droppable.php'.</msg>
<arg>${url}</arg>
<arg>chrome</arg>
<doc>Opens a new browser instance to the optional ``url``.</doc>
<status status="PASS" start="2026-02-20T10:35:42.928132" elapsed="13.629651"/>
</kw>
<kw name="Maximize Browser Window" owner="SeleniumLibrary">
<doc>Maximizes current browser window.</doc>
<status status="PASS" start="2026-02-20T10:35:56.559326" elapsed="0.028412"/>
</kw>
<kw name="Sleep" owner="BuiltIn">
<msg time="2026-02-20T10:35:59.589417" level="INFO">Slept 3 seconds.</msg>
<arg>3s</arg>
<doc>Pauses the test executed for the given time.</doc>
<status status="PASS" start="2026-02-20T10:35:56.589228" elapsed="3.000189"/>
</kw>
<kw name="Wait Until Element Is Visible" owner="SeleniumLibrary">
<arg>xpath://div[@id='draggable']</arg>
<doc>Waits until the element ``locator`` is visible.</doc>
<status status="PASS" start="2026-02-20T10:35:59.589930" elapsed="0.018171"/>
</kw>
<kw name="Drag And Drop" owner="SeleniumLibrary">
<arg>xpath://div[@id='draggable']</arg>
<arg>xpath://div[@id='droppable']</arg>
<doc>Drags the element identified by ``locator`` into the ``target`` element.</doc>
<status status="PASS" start="2026-02-20T10:35:59.609504" elapsed="0.549545"/>
</kw>
<kw name="Sleep" owner="BuiltIn">
<msg time="2026-02-20T10:36:02.159375" level="INFO">Slept 2 seconds.</msg>
<arg>2s</arg>
<doc>Pauses the test executed for the given time.</doc>
<status status="PASS" start="2026-02-20T10:36:00.159049" elapsed="2.000326"/>
</kw>
<kw name="Close Browser" owner="SeleniumLibrary">
<doc>Closes the current browser.</doc>
<status status="PASS" start="2026-02-20T10:36:02.159887" elapsed="2.287699"/>
</kw>
<status status="PASS" start="2026-02-20T10:35:42.925616" elapsed="21.522972"/>
</test>
<status status="PASS" start="2026-02-20T10:35:42.631132" elapsed="21.817456"/>
</suite>
<statistics>
<total>
<stat pass="1" fail="0" skip="0">All Tests</stat>
</total>
<tag>
</tag>
<suite>
<stat name="DragDrop" id="s1" pass="1" fail="0" skip="0">DragDrop</stat>
</suite>
</statistics>
<errors>
</errors>
</robot>
